c:\users\hsa61\desktop\3\graphics\graphics\debug\graphicsd.pch
c:\users\hsa61\desktop\3\graphics\graphics\debug\vc141.pdb
c:\users\hsa61\desktop\3\graphics\graphics\debug\vc141.idb
c:\users\hsa61\desktop\3\graphics\graphics\debug\contentmanager.obj
c:\users\hsa61\desktop\3\graphics\graphics\debug\entity.obj
c:\users\hsa61\desktop\3\graphics\graphics\debug\entity2d.obj
c:\users\hsa61\desktop\3\graphics\graphics\debug\helper.obj
c:\users\hsa61\desktop\3\graphics\graphics\debug\oktaeder.obj
c:\users\hsa61\desktop\3\graphics\graphics\debug\osnmcube.obj
c:\users\hsa61\desktop\3\graphics\graphics\debug\osnmentity.obj
c:\users\hsa61\desktop\3\graphics\graphics\debug\pch.obj
c:\users\hsa61\desktop\3\graphics\graphics\debug\sphere.obj
c:\users\hsa61\desktop\3\graphics\graphics\debug\terrain.obj
c:\users\hsa61\desktop\3\graphics\graphics\debug\texturedata.obj
c:\users\hsa61\desktop\3\graphics\graphics\debug\texturedcube.obj
c:\users\hsa61\desktop\3\graphics\graphics\debug\texturedentity.obj
c:\users\hsa61\desktop\3\graphics\graphics\debug\target.obj
c:\users\hsa61\desktop\3\graphics\graphics\inc\osnmpixelshader.h
c:\users\hsa61\desktop\3\graphics\graphics\bin\osnmpixelshaderd.cso
c:\users\hsa61\desktop\3\graphics\graphics\inc\osnmvertexshader.h
c:\users\hsa61\desktop\3\graphics\graphics\bin\osnmvertexshaderd.cso
c:\users\hsa61\desktop\3\graphics\graphics\inc\simplepixelshader.h
c:\users\hsa61\desktop\3\graphics\graphics\bin\simplepixelshaderd.cso
c:\users\hsa61\desktop\3\graphics\graphics\inc\simplevertexshader.h
c:\users\hsa61\desktop\3\graphics\graphics\bin\simplevertexshaderd.cso
c:\users\hsa61\desktop\3\graphics\graphics\inc\terrainpixelshader.h
c:\users\hsa61\desktop\3\graphics\graphics\bin\terrainpixelshaderd.cso
c:\users\hsa61\desktop\3\graphics\graphics\inc\terrainvertexshader.h
c:\users\hsa61\desktop\3\graphics\graphics\bin\terrainvertexshaderd.cso
c:\users\hsa61\desktop\3\graphics\graphics\inc\texturedpixelshader.h
c:\users\hsa61\desktop\3\graphics\graphics\bin\texturedpixelshaderd.cso
c:\users\hsa61\desktop\3\graphics\graphics\inc\texturedvertexshader.h
c:\users\hsa61\desktop\3\graphics\graphics\bin\texturedvertexshaderd.cso
c:\users\hsa61\desktop\3\graphics\graphics\debug\graphics.tlog\cl.command.1.tlog
c:\users\hsa61\desktop\3\graphics\graphics\debug\graphics.tlog\cl.read.1.tlog
c:\users\hsa61\desktop\3\graphics\graphics\debug\graphics.tlog\cl.write.1.tlog
c:\users\hsa61\desktop\3\graphics\graphics\debug\graphics.tlog\fxc.command.1.tlog
c:\users\hsa61\desktop\3\graphics\graphics\debug\graphics.tlog\fxc.read.1.tlog
c:\users\hsa61\desktop\3\graphics\graphics\debug\graphics.tlog\fxc.write.1.tlog
